2026-04-23 15:48:27,975 INFO: Glow-Vera startup [in C:\Users\Shahzaib Shahzad\Desktop\New folder (4)\Glow-vera\app.py:805]
2026-04-23 15:53:02,641 INFO: Glow-Vera startup [in C:\Users\Shahzaib Shahzad\Desktop\New folder (4)\Glow-vera\app.py:34]
2026-04-23 15:53:02,643 WARNING: Running with default SECRET_KEY! This is insecure for production. [in C:\Users\Shahzaib Shahzad\Desktop\New folder (4)\Glow-vera\app.py:38]
2026-04-25 10:39:34,219 INFO: Glow-Vera startup [in E:\Glowvera Naturals\app.py:34]
2026-04-25 10:39:34,220 WARNING: Running with default SECRET_KEY! This is insecure for production. [in E:\Glowvera Naturals\app.py:38]
2026-04-25 10:57:27,431 INFO: Glow-Vera startup [in E:\Glowvera Naturals\app.py:34]
2026-04-25 10:57:27,432 WARNING: Running with default SECRET_KEY! This is insecure for production. [in E:\Glowvera Naturals\app.py:38]
2026-04-25 10:57:41,401 INFO: Glow-Vera startup [in E:\Glowvera Naturals\app.py:34]
2026-04-25 10:57:41,402 WARNING: Running with default SECRET_KEY! This is insecure for production. [in E:\Glowvera Naturals\app.py:38]
2026-04-25 10:58:11,554 INFO: Glow-Vera startup [in E:\Glowvera Naturals\app.py:34]
2026-04-25 10:58:11,555 WARNING: Running with default SECRET_KEY! This is insecure for production. [in E:\Glowvera Naturals\app.py:38]
2026-04-25 10:58:26,918 INFO: Glow-Vera startup [in E:\Glowvera Naturals\app.py:34]
2026-04-25 10:58:26,918 WARNING: Running with default SECRET_KEY! This is insecure for production. [in E:\Glowvera Naturals\app.py:38]
2026-04-25 11:00:30,466 INFO: Glow-Vera startup [in E:\Glowvera Naturals\app.py:34]
2026-04-25 11:00:30,466 WARNING: Running with default SECRET_KEY! This is insecure for production. [in E:\Glowvera Naturals\app.py:38]
2026-04-25 11:01:25,533 INFO: Glow-Vera startup [in E:\Glowvera Naturals\app.py:34]
2026-04-25 11:01:25,533 WARNING: Running with default SECRET_KEY! This is insecure for production. [in E:\Glowvera Naturals\app.py:38]
2026-04-25 11:09:56,535 INFO: Glow-Vera startup [in E:\Glowvera Naturals\app.py:34]
2026-04-25 11:09:56,535 WARNING: Running with default SECRET_KEY! This is insecure for production. [in E:\Glowvera Naturals\app.py:38]
2026-04-25 11:12:21,838 INFO: Glow-Vera startup [in E:\Glowvera Naturals\app.py:34]
2026-04-25 11:12:21,839 WARNING: Running with default SECRET_KEY! This is insecure for production. [in E:\Glowvera Naturals\app.py:38]
2026-04-25 11:14:28,046 INFO: Glow-Vera startup [in E:\Glowvera Naturals\app.py:34]
2026-04-25 11:14:28,047 WARNING: Running with default SECRET_KEY! This is insecure for production. [in E:\Glowvera Naturals\app.py:38]
2026-04-25 11:14:54,766 INFO: Glow-Vera startup [in E:\Glowvera Naturals\app.py:34]
2026-04-25 11:14:54,766 WARNING: Running with default SECRET_KEY! This is insecure for production. [in E:\Glowvera Naturals\app.py:38]
2026-04-25 11:21:15,096 INFO: Glow-Vera startup [in E:\Glowvera Naturals\app.py:34]
2026-04-25 11:21:15,098 WARNING: Running with default SECRET_KEY! This is insecure for production. [in E:\Glowvera Naturals\app.py:38]
2026-04-28 03:43:03,619 INFO: Glow-Vera startup [in E:\Glowvera Naturals\app.py:34]
2026-04-28 03:43:03,628 WARNING: Running with default SECRET_KEY! This is insecure for production. [in E:\Glowvera Naturals\app.py:38]
2026-04-30 16:42:03,747 INFO: Glow-Vera startup [in C:\Users\Shahzaib Shahzad\Desktop\New folder (4)\Glow-vera\app.py:44]
2026-04-30 16:42:03,749 WARNING: Running with default SECRET_KEY! This is insecure for production. [in C:\Users\Shahzaib Shahzad\Desktop\New folder (4)\Glow-vera\app.py:48]
2026-04-30 16:42:03,972 INFO: Database tables verified/created [in C:\Users\Shahzaib Shahzad\Desktop\New folder (4)\Glow-vera\app.py:77]
2026-04-30 16:50:25,401 INFO: Glow-Vera startup [in C:\Users\Shahzaib Shahzad\Desktop\New folder (4)\Glow-vera\app.py:44]
2026-04-30 16:50:25,402 WARNING: Running with default SECRET_KEY! This is insecure for production. [in C:\Users\Shahzaib Shahzad\Desktop\New folder (4)\Glow-vera\app.py:48]
2026-04-30 16:50:25,492 INFO: Database tables verified/created [in C:\Users\Shahzaib Shahzad\Desktop\New folder (4)\Glow-vera\app.py:77]
2026-04-30 16:50:43,351 INFO: Glow-Vera startup [in C:\Users\Shahzaib Shahzad\Desktop\New folder (4)\Glow-vera\app.py:44]
2026-04-30 16:50:43,352 WARNING: Running with default SECRET_KEY! This is insecure for production. [in C:\Users\Shahzaib Shahzad\Desktop\New folder (4)\Glow-vera\app.py:48]
2026-04-30 16:50:43,442 INFO: Database tables verified/created [in C:\Users\Shahzaib Shahzad\Desktop\New folder (4)\Glow-vera\app.py:77]
2026-04-30 17:07:33,820 INFO: Glow-Vera startup [in C:\Users\Shahzaib Shahzad\Desktop\New folder (4)\Glow-vera\app.py:44]
2026-04-30 17:07:33,822 WARNING: Running with default SECRET_KEY! This is insecure for production. [in C:\Users\Shahzaib Shahzad\Desktop\New folder (4)\Glow-vera\app.py:48]
2026-04-30 17:07:33,945 INFO: Database tables verified/created [in C:\Users\Shahzaib Shahzad\Desktop\New folder (4)\Glow-vera\app.py:77]
2026-04-30 17:10:05,338 INFO: Glow-Vera startup [in C:\Users\Shahzaib Shahzad\Desktop\New folder (4)\Glow-vera\app.py:44]
2026-04-30 17:10:05,341 WARNING: Running with default SECRET_KEY! This is insecure for production. [in C:\Users\Shahzaib Shahzad\Desktop\New folder (4)\Glow-vera\app.py:48]
2026-04-30 17:10:05,445 INFO: Database tables verified/created [in C:\Users\Shahzaib Shahzad\Desktop\New folder (4)\Glow-vera\app.py:77]
2026-04-30 17:12:07,545 INFO: Glow-Vera startup [in C:\Users\Shahzaib Shahzad\Desktop\New folder (4)\Glow-vera\app.py:44]
2026-04-30 17:12:07,546 WARNING: Running with default SECRET_KEY! This is insecure for production. [in C:\Users\Shahzaib Shahzad\Desktop\New folder (4)\Glow-vera\app.py:48]
2026-04-30 17:12:07,633 INFO: Database tables verified/created [in C:\Users\Shahzaib Shahzad\Desktop\New folder (4)\Glow-vera\app.py:77]
2026-04-30 17:12:27,429 INFO: Glow-Vera startup [in C:\Users\Shahzaib Shahzad\Desktop\New folder (4)\Glow-vera\app.py:44]
2026-04-30 17:12:27,430 WARNING: Running with default SECRET_KEY! This is insecure for production. [in C:\Users\Shahzaib Shahzad\Desktop\New folder (4)\Glow-vera\app.py:48]
2026-04-30 17:12:27,520 INFO: Database tables verified/created [in C:\Users\Shahzaib Shahzad\Desktop\New folder (4)\Glow-vera\app.py:77]
2026-04-30 17:30:39,440 INFO: Glow-Vera startup [in C:\Users\Shahzaib Shahzad\Desktop\New folder (4)\Glow-vera\app.py:44]
2026-04-30 17:30:39,442 WARNING: Running with default SECRET_KEY! This is insecure for production. [in C:\Users\Shahzaib Shahzad\Desktop\New folder (4)\Glow-vera\app.py:48]
2026-04-30 17:30:39,541 INFO: Database tables verified/created [in C:\Users\Shahzaib Shahzad\Desktop\New folder (4)\Glow-vera\app.py:77]
